<?xml version="1.0" encoding="UTF-8"?>
<!-- Generated by org.testng.reporters.JUnitReportReporter -->
<testsuite hostname="MughdaPc" failures="0" tests="1" name="githubActions.class1" time="11.648" errors="0" timestamp="2025-05-15T08:11:03 IST" skipped="0">
  <testcase classname="githubActions.class1" name="f1" time="11.648"/>
  <system-out/>
</testsuite> <!-- githubActions.class1 -->
